<?xml version="1.0" encoding="UTF-8"?>
<!-- Generated by org.testng.reporters.JUnitReportReporter -->
<testsuite skipped="0" hostname="ECFL202MAC-011" name="CompareScreens.CompareScreenTest" tests="1" failures="0" timestamp="05 Mar 2018 08:08:41 GMT" time="9745.768" errors="0">
  <testcase name="MacSafari" time="9745.768" classname="CompareScreens.CompareScreenTest"/>
</testsuite> <!-- CompareScreens.CompareScreenTest -->
